[23:15:56] [ServerMain/INFO]: [bootstrap] Running Java 21 (OpenJDK 64-Bit Server VM 21.0.7+6-Ubuntu-0ubuntu120.04; Ubuntu null) on Linux 6.8.0-1027-azure (amd64)
[23:15:56] [ServerMain/INFO]: [bootstrap] Loading Paper 1.21.1-57-master@b483da4 (2024-09-01T18:09:05Z) for Minecraft 1.21.1
[23:15:56] [ServerMain/INFO]: [PluginInitializerManager] Initializing plugins...
[23:15:57] [ServerMain/INFO]: [PluginInitializerManager] Initialized 1 plugin
[23:15:57] [ServerMain/INFO]: [PluginInitializerManager] Bukkit plugins (1):
 - AuraSkills (2.3.3)
[23:16:03] [ServerMain/INFO]: Environment: Environment[sessionHost=https://sessionserver.mojang.com, servicesHost=https://api.minecraftservices.com, name=PROD]
[23:16:03] [ServerMain/INFO]: Found new data pack paper, loading it automatically
[23:16:08] [ServerMain/INFO]: Loaded 1291 recipes
[23:16:08] [ServerMain/ERROR]: Couldn't load advancements: [minecraft:wander_add_map, minecraft:give_quest_trader_trade]
[23:16:08] [ServerMain/INFO]: Loaded 1632 advancements
[23:16:09] [Server thread/INFO]: Starting minecraft server version 1.21.1
[23:16:09] [Server thread/INFO]: Loading properties
[23:16:10] [Server thread/INFO]: This server is running Paper version 1.21.1-57-master@b483da4 (2024-09-01T18:09:05Z) (Implementing API version 1.21.1-R0.1-SNAPSHOT)
[23:16:10] [Server thread/INFO]: [spark] This server bundles the spark profiler. For more information please visit https://docs.papermc.io/paper/profiling
[23:16:11] [Server thread/INFO]: Server Ping Player Sample Count: 12
[23:16:11] [Server thread/INFO]: Using 4 threads for Netty based IO
[23:16:12] [Server thread/INFO]: [ChunkTaskScheduler] Chunk system is using 1 I/O threads, 1 worker threads, and population gen parallelism of 1 threads
[23:16:12] [Server thread/INFO]: Default game type: SURVIVAL
[23:16:12] [Server thread/INFO]: Generating keypair
[23:16:12] [Server thread/INFO]: Starting Minecraft server on *:25565
[23:16:12] [Server thread/INFO]: Using epoll channel type
[23:16:12] [Server thread/INFO]: Paper: Using libdeflate (Linux x86_64) compression from Velocity.
[23:16:12] [Server thread/INFO]: Paper: Using OpenSSL 1.1.x (Linux x86_64) cipher from Velocity.
[23:16:13] [Server thread/INFO]: [AuraSkills] Loading server plugin AuraSkills v2.3.3
[23:16:13] [Server thread/INFO]: Server permissions file permissions.yml is empty, ignoring it
[23:16:13] [Server thread/WARN]: **** SERVER IS RUNNING IN OFFLINE/INSECURE MODE!
[23:16:13] [Server thread/WARN]: The server will make no attempt to authenticate usernames. Beware.
[23:16:13] [Server thread/WARN]: While this makes the game possible to play without internet access, it also opens up the ability for hackers to connect with any username they choose.
[23:16:13] [Server thread/WARN]: To change this, set "online-mode" to "true" in the server.properties file.
[23:16:13] [Server thread/INFO]: Preparing level "world"
[23:16:27] [Server thread/INFO]: Preparing start region for dimension minecraft:overworld
[23:16:29] [Server thread/INFO]: Time elapsed: 2430 ms
[23:16:29] [Server thread/INFO]: Preparing start region for dimension minecraft:the_nether
[23:16:32] [Server thread/INFO]: Time elapsed: 3079 ms
[23:16:32] [Server thread/INFO]: Preparing start region for dimension minecraft:the_end
[23:16:33] [Server thread/INFO]: Time elapsed: 692 ms
[23:16:33] [Server thread/INFO]: [AuraSkills] Enabling AuraSkills v2.3.3
[23:16:34] [Server thread/INFO]: [AuraSkills] Loaded 21 message files
[23:16:35] [Server thread/INFO]: [AuraSkills] Loaded 158 config options in 89 ms
[23:16:35] [Server thread/INFO]: [NBTAPI] [NBTAPI] Found Minecraft: 1.21.1! Trying to find NMS support
[23:16:35] [Server thread/INFO]: [NBTAPI] [NBTAPI] NMS support 'MC1_21_R1' loaded!
[23:16:35] [Server thread/INFO]: [NBTAPI] [NBTAPI] Using the plugin 'AuraSkills' to create a bStats instance!
[23:16:36] [Server thread/INFO]: [AuraSkills] Loaded 3 blocked/disabled worlds
[23:16:36] [Server thread/INFO]: [AuraSkills] [ACF] Enabled Asynchronous Tab Completion Support!
[23:16:37] [Server thread/INFO]: [spark] Starting background profiler...
[23:16:38] [Server thread/INFO]: Done preparing level "world" (25.067s)
[23:16:38] [User Authenticator #0/INFO]: UUID of player Stephyn123 is 163554d9-f4b1-3822-a84b-d9cb7a1216c1
[23:16:38] [Server thread/INFO]: Running delayed init tasks
[23:16:39] [Server thread/INFO]: [AuraSkills] Loaded 11 skills with 312 total sources
[23:16:39] [Server thread/INFO]: [AuraSkills] Loaded 9 stats and 17 traits
[23:16:39] [Server thread/INFO]: [AuraSkills] Loaded 22 pattern rewards and 0 level rewards
[23:16:39] [Server thread/INFO]: [AuraSkills] Loaded 53 loot entries in 4 pools and 2 tables
[23:16:40] [Server thread/INFO]: Environment: Environment[sessionHost=https://sessionserver.mojang.com, servicesHost=https://api.minecraftservices.com, name=PROD]
[23:16:40] [Server thread/INFO]: [AuraSkills] Loaded 7 menus
[23:16:40] [Server thread/INFO]: Done (46.049s)! For help, type "help"
[23:16:40] [Server thread/INFO]: Timings Reset
[23:16:40] [Server thread/INFO]: Stephyn123 (/127.152.65.23:51357) lost connection: Disconnected
[23:16:54] [User Authenticator #0/INFO]: UUID of player Stephyn123 is 163554d9-f4b1-3822-a84b-d9cb7a1216c1
[23:16:56] [Server thread/INFO]: Stephyn123 joined the game
[23:16:56] [Server thread/INFO]: Stephyn123[/127.152.65.23:35499] logged in with entity id 56 at ([world]-1829.7809657497944, 91.0281414915361, 1555.198343618396)
[23:17:02] [Server thread/INFO]: Stephyn123 issued server command: /gamemode survival
[23:17:03] [Server thread/INFO]: [Stephyn123: Set own game mode to Survival Mode]
[23:17:25] [Server thread/INFO]: Stephyn123 has made the advancement [Monster Hunter]
[23:17:46] [Server thread/INFO]: Stephyn123 issued server command: /gamemode creative
[23:17:46] [Server thread/INFO]: [Stephyn123: Set own game mode to Creative Mode]
[23:19:04] [User Authenticator #1/INFO]: UUID of player soft is 2abce07c-ec5c-3155-a83d-28c7af4fb6eb
[23:19:08] [Server thread/INFO]: soft joined the game
[23:19:08] [Server thread/INFO]: soft[/127.102.58.161:60749] logged in with entity id 742 at ([world]-295.69999998807907, -10.0, 32.20567879570586)
[23:23:12] [Server thread/INFO]: soft lost connection: Disconnected
[23:23:12] [Server thread/INFO]: soft left the game
[23:23:15] [User Authenticator #2/INFO]: UUID of player soft is 2abce07c-ec5c-3155-a83d-28c7af4fb6eb
[23:23:18] [Server thread/INFO]: soft joined the game
[23:23:18] [Server thread/INFO]: soft[/127.102.58.161:54701] logged in with entity id 2437 at ([world]-300.5740086899787, -57.0, 33.70736016166794)
[23:24:03] [User Authenticator #2/INFO]: UUID of player IamNik is 9e3ad26a-793b-3e52-b0b3-e5468394702d
[23:24:06] [Server thread/INFO]: IamNik joined the game
[23:24:06] [Server thread/INFO]: IamNik[/127.224.62.13:55775] logged in with entity id 2736 at ([world]24.569358413128864, 65.0, 12.699999988079071)
[23:24:09] [Server thread/INFO]: Stephyn123 has made the advancement [Ol' Betsy]
[23:24:28] [User Authenticator #2/INFO]: UUID of player Koi_btg is 95aa3a45-6089-3409-ad5c-f02120bc0a3d
[23:24:29] [Server thread/INFO]: Koi_btg joined the game
[23:24:29] [Server thread/INFO]: Koi_btg[/127.118.199.135:52753] logged in with entity id 3250 at ([world]989.880297103819, 86.0, 499.91049201195557)
[23:25:14] [Server thread/INFO]: Koi_btg issued server command: /skill
[23:25:23] [Server thread/INFO]: Koi_btg issued server command: /skill
[23:25:59] [Server thread/INFO]: Stephyn123 issued server command: /tp Koi_btg
[23:25:59] [Server thread/INFO]: [Stephyn123: Teleported Stephyn123 to Koi_btg]
[23:26:13] [Async Chat Thread - #1/INFO]: [Not Secure] <Koi_btg> q paso steps?
[23:26:19] [Async Chat Thread - #1/INFO]: [Not Secure] <Stephyn123> nada bro
[23:26:21] [Server thread/INFO]: Stephyn123 issued server command: /tp IamNik
[23:26:21] [Server thread/INFO]: [Stephyn123: Teleported Stephyn123 to IamNik]
[23:26:24] [Async Chat Thread - #1/INFO]: [Not Secure] <Koi_btg> XD
[23:26:37] [Server thread/INFO]: soft lost connection: Disconnected
[23:26:37] [Server thread/INFO]: soft left the game
[23:26:37] [User Authenticator #3/INFO]: UUID of player soft is 2abce07c-ec5c-3155-a83d-28c7af4fb6eb
[23:26:39] [Server thread/INFO]: soft joined the game
[23:26:39] [Server thread/INFO]: soft[/127.102.58.161:44913] logged in with entity id 5002 at ([world]-295.3484836168179, 6.0, 31.621820389523858)
[23:26:59] [Async Chat Thread - #1/INFO]: [Not Secure] <Koi_btg> XD
[23:27:01] [Server thread/INFO]: Koi_btg issued server command: /skill
[23:27:07] [Async Chat Thread - #1/INFO]: [Not Secure] <IamNik> steps esta es mi base
[23:27:12] [Async Chat Thread - #1/INFO]: [Not Secure] <Stephyn123> ok
[23:27:12] [Async Chat Thread - #1/INFO]: [Not Secure] <IamNik> no mas digo
[23:27:15] [Server thread/INFO]: Stephyn123 issued server command: /tp Stephyn123
[23:27:15] [Server thread/INFO]: [Stephyn123: Teleported Stephyn123 to Stephyn123]
[23:27:20] [Async Chat Thread - #1/INFO]: [Not Secure] <IamNik> team?
[23:27:23] [Async Chat Thread - #1/INFO]: [Not Secure] <Stephyn123> no
[23:27:23] [Async Chat Thread - #1/INFO]: [Not Secure] <Stephyn123> xd
[23:27:27] [Async Chat Thread - #1/INFO]: [Not Secure] <IamNik> ok
[23:27:28] [User Authenticator #3/INFO]: UUID of player Arekuus is 8f988514-fc94-36d8-95c1-48d0ce207e9b
[23:27:30] [Server thread/INFO]: Arekuus joined the game
[23:27:30] [Server thread/INFO]: Arekuus[/127.204.13.132:53031] logged in with entity id 5367 at ([world]-189.15798915139368, 64.0, 219.69262469608813)
[23:27:50] [Async Chat Thread - #1/INFO]: [Not Secure] <Arekuus> bro esto yo lo tenia antes
[23:27:58] [Server thread/INFO]: Stephyn123 issued server command: /tp Arekuus
[23:27:58] [Server thread/INFO]: [Stephyn123: Teleported Stephyn123 to Arekuus]
[23:28:29] [Async Chat Thread - #1/INFO]: [Not Secure] <Arekuus> haceme tp
[23:28:33] [Async Chat Thread - #1/INFO]: [Not Secure] <Arekuus> a donde nik
[23:28:45] [Server thread/INFO]: Arekuus issued server command: /skill
[23:29:21] [Server thread/INFO]: Koi_btg issued server command: /skill
[23:29:21] [Async Chat Thread - #1/INFO]: [Not Secure] <Arekuus> donde estas nik
[23:29:23] [Async Chat Thread - #1/INFO]: [Not Secure] <Arekuus> coord
[23:29:26] [Async Chat Thread - #1/INFO]: [Not Secure] <Arekuus> al priv
[23:29:28] [Async Chat Thread - #1/INFO]: [Not Secure] <IamNik> en md estan
[23:29:32] [Server thread/INFO]: Koi_btg issued server command: /skill
[23:29:36] [Async Chat Thread - #1/INFO]: [Not Secure] <IamNik> te las pase esa vez
[23:30:19] [Server thread/INFO]: Stephyn123 has made the advancement [Stone Age]
[23:33:44] [Server thread/INFO]: Koi_btg lost connection: Disconnected
[23:33:44] [Server thread/INFO]: Koi_btg left the game
[23:33:56] [Server thread/INFO]: Arekuus has made the advancement [Cover Me with Diamonds]
[23:34:11] [Async Chat Thread - #2/INFO]: [Not Secure] <soft> bro encontré una base abandonada
[23:34:15] [Async Chat Thread - #4/INFO]: [Not Secure] <soft> de loot
[23:34:19] [Async Chat Thread - #4/INFO]: [Not Secure] <soft> !!
[23:34:19] [Async Chat Thread - #4/INFO]: [Not Secure] <Arekuus> quien te opregunto
[23:34:23] [Async Chat Thread - #4/INFO]: [Not Secure] <Arekuus> mentira
[23:34:27] [Async Chat Thread - #4/INFO]: [Not Secure] <soft> :(
[23:34:32] [Async Chat Thread - #4/INFO]: [Not Secure] <Arekuus> XDDD
[23:34:42] [Server thread/INFO]: soft has made the advancement [Ice Bucket Challenge]
[23:35:09] [Server thread/INFO]: soft has made the advancement [Not Today, Thank You]
[23:35:37] [Server thread/INFO]: Stephyn123 issued server command: /tp soft
[23:35:37] [Server thread/INFO]: [Stephyn123: Teleported Stephyn123 to soft]
[23:35:41] [Async Chat Thread - #5/INFO]: [Not Secure] <Stephyn123> QUE HACES BRO
[23:35:45] [User Authenticator #4/INFO]: UUID of player Koi_btg is 95aa3a45-6089-3409-ad5c-f02120bc0a3d
[23:35:46] [Async Chat Thread - #5/INFO]: [Not Secure] <Stephyn123> toma te pongo ambiente
[23:35:47] [Server thread/INFO]: Koi_btg joined the game
[23:35:47] [Server thread/INFO]: Koi_btg[/127.118.199.135:35959] logged in with entity id 10656 at ([world]877.9529658017973, 74.0, 402.47977261922125)
[23:35:47] [Async Chat Thread - #5/INFO]: [Not Secure] <soft> loot
[23:35:49] [Server thread/INFO]: IamNik was slain by Enderman
[23:35:56] [Async Chat Thread - #5/INFO]: [Not Secure] <Arekuus> NIK
[23:36:14] [Async Chat Thread - #5/INFO]: [Not Secure] <soft> gracias..
[23:36:16] [Server thread/INFO]: Koi_btg has made the advancement [Fishy Business]
